 The Intel 18.3 compilers are in your path. This is adequate for compiling and
running most codes. Source compilervars.sh for more features including the
debugger. 

The following have been reloaded with a version change:
  1) intel/20.2 => intel/18.3

 The MKL Libraries are in your library path. This is adequate for compiling and
running most codes. Source $MKL/bin/mklvars.sh" for more features. 
 Anaconda Python 2.7 version 2019.03 has been loaded. 

The following have been reloaded with a version change:
  1) python/py38-anaconda-2021.05 => python/py27-anaconda-2019.03

 Intel-MPI is in your path.  This is adequate for compiling and running most codes.  Source the /util/academic/intel/17.0/compilers_and_libraries_2017/linux/mpi/intel64/bin/mpivars.sh file for more features.

The following have been reloaded with a version change:
  1) intel-mpi/2020.2 => intel-mpi/2017.0.1

The Intel compilers are in your path. This is adequate for compiling and
running most codes. Source
/util/academic/intel/17.0/compilers_and_libraries_2017/linux/bin/compilervars.sh
for more features. 

The following have been reloaded with a version change:
  1) intel/18.3 => intel/17.0

 The MKL Libraries are in your library path. This is adequate for compiling and
running most codes. Source $MKL/bin/mklvars.sh" for more features. 

The following have been reloaded with a version change:
  1) mkl/2018.3 => mkl/2017.0.1

 Intel-MPI is in your path.  This is adequate for compiling and running most codes.  Source the /util/academic/intel/17.0/compilers_and_libraries_2017/linux/mpi/intel64/bin/mpivars.sh file for more features.

Currently Loaded Modules:
  1) gcc/11.2.0        5) lift/ccr                       9) intel/17.0
  2) cmake/3.22.3      6) petsc-lift/default            10) mkl/2017.0.1
  3) valgrind/3.14.0   7) libmesh-lift/default          11) intel-mpi/2017.0.1
  4) gdb/7.8           8) python/py27-anaconda-2019.03

 

NPROCS=16
/projects/academic/ericwalk/software/surfaceGSM/run_vasp.py
/projects/academic/mdupuis2/software/VASP/pseudopotentials/
/projects/academic/ericwalk/software/ase/ase/lattice/surface.py:17: UserWarning: Moved to ase.build
  warnings.warn('Moved to ase.build')
/projects/academic/ericwalk/software/ase/ase/lattice/surface.py:17: UserWarning: Moved to ase.build
  warnings.warn('Moved to ase.build')
/projects/academic/ericwalk/software/ase/ase/lattice/surface.py:17: UserWarning: Moved to ase.build
  warnings.warn('Moved to ase.build')
/projects/academic/ericwalk/software/ase/ase/lattice/surface.py:17: UserWarning: Moved to ase.build
  warnings.warn('Moved to ase.build')
/projects/academic/ericwalk/software/ase/ase/lattice/surface.py:17: UserWarning: Moved to ase.build
  warnings.warn('Moved to ase.build')
/projects/academic/ericwalk/software/ase/ase/lattice/surface.py:17: UserWarning: Moved to ase.build
  warnings.warn('Moved to ase.build')
/projects/academic/ericwalk/software/ase/ase/lattice/surface.py:17: UserWarning: Moved to ase.build
  warnings.warn('Moved to ase.build')
/projects/academic/ericwalk/software/ase/ase/lattice/surface.py:17: UserWarning: Moved to ase.build
  warnings.warn('Moved to ase.build')
/projects/academic/ericwalk/software/ase/ase/lattice/surface.py:17: UserWarning: Moved to ase.build
  warnings.warn('Moved to ase.build')
/projects/academic/ericwalk/software/ase/ase/lattice/surface.py:17: UserWarning: Moved to ase.build
  warnings.warn('Moved to ase.build')
/projects/academic/ericwalk/software/ase/ase/lattice/surface.py:17: UserWarning: Moved to ase.build
  warnings.warn('Moved to ase.build')
/projects/academic/ericwalk/software/ase/ase/lattice/surface.py:17: UserWarning: Moved to ase.build
  warnings.warn('Moved to ase.build')
/projects/academic/ericwalk/software/ase/ase/lattice/surface.py:17: UserWarning: Moved to ase.build
  warnings.warn('Moved to ase.build')
/projects/academic/ericwalk/software/ase/ase/lattice/surface.py:17: UserWarning: Moved to ase.build
  warnings.warn('Moved to ase.build')
/projects/academic/ericwalk/software/ase/ase/lattice/surface.py:17: UserWarning: Moved to ase.build
  warnings.warn('Moved to ase.build')
/projects/academic/ericwalk/software/ase/ase/lattice/surface.py:17: UserWarning: Moved to ase.build
  warnings.warn('Moved to ase.build')
/projects/academic/ericwalk/software/ase/ase/lattice/surface.py:17: UserWarning: Moved to ase.build
  warnings.warn('Moved to ase.build')
/projects/academic/ericwalk/software/ase/ase/lattice/surface.py:17: UserWarning: Moved to ase.build
  warnings.warn('Moved to ase.build')
/projects/academic/ericwalk/software/ase/ase/lattice/surface.py:17: UserWarning: Moved to ase.build
  warnings.warn('Moved to ase.build')
/projects/academic/ericwalk/software/ase/ase/lattice/surface.py:17: UserWarning: Moved to ase.build
  warnings.warn('Moved to ase.build')
/projects/academic/ericwalk/software/ase/ase/lattice/surface.py:17: UserWarning: Moved to ase.build
  warnings.warn('Moved to ase.build')
/projects/academic/ericwalk/software/ase/ase/lattice/surface.py:17: UserWarning: Moved to ase.build
  warnings.warn('Moved to ase.build')
/projects/academic/ericwalk/software/ase/ase/lattice/surface.py:17: UserWarning: Moved to ase.build
  warnings.warn('Moved to ase.build')
/projects/academic/ericwalk/software/ase/ase/lattice/surface.py:17: UserWarning: Moved to ase.build
  warnings.warn('Moved to ase.build')
/projects/academic/ericwalk/software/ase/ase/lattice/surface.py:17: UserWarning: Moved to ase.build
  warnings.warn('Moved to ase.build')
/projects/academic/ericwalk/software/ase/ase/lattice/surface.py:17: UserWarning: Moved to ase.build
  warnings.warn('Moved to ase.build')
/projects/academic/ericwalk/software/ase/ase/lattice/surface.py:17: UserWarning: Moved to ase.build
  warnings.warn('Moved to ase.build')
/projects/academic/ericwalk/software/ase/ase/lattice/surface.py:17: UserWarning: Moved to ase.build
  warnings.warn('Moved to ase.build')
/projects/academic/ericwalk/software/ase/ase/lattice/surface.py:17: UserWarning: Moved to ase.build
  warnings.warn('Moved to ase.build')
/projects/academic/ericwalk/software/ase/ase/lattice/surface.py:17: UserWarning: Moved to ase.build
  warnings.warn('Moved to ase.build')
/projects/academic/ericwalk/software/ase/ase/lattice/surface.py:17: UserWarning: Moved to ase.build
  warnings.warn('Moved to ase.build')
/projects/academic/ericwalk/software/ase/ase/lattice/surface.py:17: UserWarning: Moved to ase.build
  warnings.warn('Moved to ase.build')
/projects/academic/ericwalk/software/ase/ase/lattice/surface.py:17: UserWarning: Moved to ase.build
  warnings.warn('Moved to ase.build')
/projects/academic/ericwalk/software/ase/ase/lattice/surface.py:17: UserWarning: Moved to ase.build
  warnings.warn('Moved to ase.build')
/projects/academic/ericwalk/software/ase/ase/lattice/surface.py:17: UserWarning: Moved to ase.build
  warnings.warn('Moved to ase.build')
/projects/academic/ericwalk/software/ase/ase/lattice/surface.py:17: UserWarning: Moved to ase.build
  warnings.warn('Moved to ase.build')
/projects/academic/ericwalk/software/ase/ase/lattice/surface.py:17: UserWarning: Moved to ase.build
  warnings.warn('Moved to ase.build')
/projects/academic/ericwalk/software/ase/ase/lattice/surface.py:17: UserWarning: Moved to ase.build
  warnings.warn('Moved to ase.build')
/projects/academic/ericwalk/software/ase/ase/lattice/surface.py:17: UserWarning: Moved to ase.build
  warnings.warn('Moved to ase.build')
/projects/academic/ericwalk/software/ase/ase/lattice/surface.py:17: UserWarning: Moved to ase.build
  warnings.warn('Moved to ase.build')
/projects/academic/ericwalk/software/ase/ase/lattice/surface.py:17: UserWarning: Moved to ase.build
  warnings.warn('Moved to ase.build')
/projects/academic/ericwalk/software/ase/ase/lattice/surface.py:17: UserWarning: Moved to ase.build
  warnings.warn('Moved to ase.build')
/projects/academic/ericwalk/software/ase/ase/lattice/surface.py:17: UserWarning: Moved to ase.build
  warnings.warn('Moved to ase.build')
/projects/academic/ericwalk/software/ase/ase/lattice/surface.py:17: UserWarning: Moved to ase.build
  warnings.warn('Moved to ase.build')
/projects/academic/ericwalk/software/ase/ase/lattice/surface.py:17: UserWarning: Moved to ase.build
  warnings.warn('Moved to ase.build')
/projects/academic/ericwalk/software/ase/ase/lattice/surface.py:17: UserWarning: Moved to ase.build
  warnings.warn('Moved to ase.build')
/projects/academic/ericwalk/software/ase/ase/lattice/surface.py:17: UserWarning: Moved to ase.build
  warnings.warn('Moved to ase.build')
/projects/academic/ericwalk/software/ase/ase/lattice/surface.py:17: UserWarning: Moved to ase.build
  warnings.warn('Moved to ase.build')
/projects/academic/ericwalk/software/ase/ase/lattice/surface.py:17: UserWarning: Moved to ase.build
  warnings.warn('Moved to ase.build')
/projects/academic/ericwalk/software/ase/ase/lattice/surface.py:17: UserWarning: Moved to ase.build
  warnings.warn('Moved to ase.build')
/projects/academic/ericwalk/software/ase/ase/lattice/surface.py:17: UserWarning: Moved to ase.build
  warnings.warn('Moved to ase.build')
/projects/academic/ericwalk/software/ase/ase/lattice/surface.py:17: UserWarning: Moved to ase.build
  warnings.warn('Moved to ase.build')
/projects/academic/ericwalk/software/ase/ase/lattice/surface.py:17: UserWarning: Moved to ase.build
  warnings.warn('Moved to ase.build')
/projects/academic/ericwalk/software/ase/ase/lattice/surface.py:17: UserWarning: Moved to ase.build
  warnings.warn('Moved to ase.build')
/projects/academic/ericwalk/software/ase/ase/lattice/surface.py:17: UserWarning: Moved to ase.build
  warnings.warn('Moved to ase.build')
/projects/academic/ericwalk/software/ase/ase/lattice/surface.py:17: UserWarning: Moved to ase.build
  warnings.warn('Moved to ase.build')
/projects/academic/ericwalk/software/ase/ase/lattice/surface.py:17: UserWarning: Moved to ase.build
  warnings.warn('Moved to ase.build')
/projects/academic/ericwalk/software/ase/ase/lattice/surface.py:17: UserWarning: Moved to ase.build
  warnings.warn('Moved to ase.build')
/projects/academic/ericwalk/software/ase/ase/lattice/surface.py:17: UserWarning: Moved to ase.build
  warnings.warn('Moved to ase.build')
/projects/academic/ericwalk/software/ase/ase/lattice/surface.py:17: UserWarning: Moved to ase.build
  warnings.warn('Moved to ase.build')
/projects/academic/ericwalk/software/ase/ase/lattice/surface.py:17: UserWarning: Moved to ase.build
  warnings.warn('Moved to ase.build')
/projects/academic/ericwalk/software/ase/ase/lattice/surface.py:17: UserWarning: Moved to ase.build
  warnings.warn('Moved to ase.build')
/projects/academic/ericwalk/software/ase/ase/lattice/surface.py:17: UserWarning: Moved to ase.build
  warnings.warn('Moved to ase.build')
/projects/academic/ericwalk/software/ase/ase/lattice/surface.py:17: UserWarning: Moved to ase.build
  warnings.warn('Moved to ase.build')
/projects/academic/ericwalk/software/ase/ase/lattice/surface.py:17: UserWarning: Moved to ase.build
  warnings.warn('Moved to ase.build')
/projects/academic/ericwalk/software/ase/ase/lattice/surface.py:17: UserWarning: Moved to ase.build
  warnings.warn('Moved to ase.build')
/projects/academic/ericwalk/software/ase/ase/lattice/surface.py:17: UserWarning: Moved to ase.build
  warnings.warn('Moved to ase.build')
/projects/academic/ericwalk/software/ase/ase/lattice/surface.py:17: UserWarning: Moved to ase.build
  warnings.warn('Moved to ase.build')
/projects/academic/ericwalk/software/ase/ase/lattice/surface.py:17: UserWarning: Moved to ase.build
  warnings.warn('Moved to ase.build')
/projects/academic/ericwalk/software/ase/ase/lattice/surface.py:17: UserWarning: Moved to ase.build
  warnings.warn('Moved to ase.build')
/projects/academic/ericwalk/software/ase/ase/lattice/surface.py:17: UserWarning: Moved to ase.build
  warnings.warn('Moved to ase.build')
/projects/academic/ericwalk/software/ase/ase/lattice/surface.py:17: UserWarning: Moved to ase.build
  warnings.warn('Moved to ase.build')
/projects/academic/ericwalk/software/ase/ase/lattice/surface.py:17: UserWarning: Moved to ase.build
  warnings.warn('Moved to ase.build')
/projects/academic/ericwalk/software/ase/ase/lattice/surface.py:17: UserWarning: Moved to ase.build
  warnings.warn('Moved to ase.build')
/projects/academic/ericwalk/software/ase/ase/lattice/surface.py:17: UserWarning: Moved to ase.build
  warnings.warn('Moved to ase.build')
/projects/academic/ericwalk/software/ase/ase/lattice/surface.py:17: UserWarning: Moved to ase.build
  warnings.warn('Moved to ase.build')
/projects/academic/ericwalk/software/ase/ase/lattice/surface.py:17: UserWarning: Moved to ase.build
  warnings.warn('Moved to ase.build')
/projects/academic/ericwalk/software/ase/ase/lattice/surface.py:17: UserWarning: Moved to ase.build
  warnings.warn('Moved to ase.build')
/projects/academic/ericwalk/software/ase/ase/lattice/surface.py:17: UserWarning: Moved to ase.build
  warnings.warn('Moved to ase.build')
/projects/academic/ericwalk/software/ase/ase/lattice/surface.py:17: UserWarning: Moved to ase.build
  warnings.warn('Moved to ase.build')
/projects/academic/ericwalk/software/ase/ase/lattice/surface.py:17: UserWarning: Moved to ase.build
  warnings.warn('Moved to ase.build')
/projects/academic/ericwalk/software/ase/ase/lattice/surface.py:17: UserWarning: Moved to ase.build
  warnings.warn('Moved to ase.build')
/projects/academic/ericwalk/software/ase/ase/lattice/surface.py:17: UserWarning: Moved to ase.build
  warnings.warn('Moved to ase.build')
/projects/academic/ericwalk/software/ase/ase/lattice/surface.py:17: UserWarning: Moved to ase.build
  warnings.warn('Moved to ase.build')
/projects/academic/ericwalk/software/ase/ase/lattice/surface.py:17: UserWarning: Moved to ase.build
  warnings.warn('Moved to ase.build')
/projects/academic/ericwalk/software/ase/ase/lattice/surface.py:17: UserWarning: Moved to ase.build
  warnings.warn('Moved to ase.build')
/projects/academic/ericwalk/software/ase/ase/lattice/surface.py:17: UserWarning: Moved to ase.build
  warnings.warn('Moved to ase.build')
/projects/academic/ericwalk/software/ase/ase/lattice/surface.py:17: UserWarning: Moved to ase.build
  warnings.warn('Moved to ase.build')
/projects/academic/ericwalk/software/ase/ase/lattice/surface.py:17: UserWarning: Moved to ase.build
  warnings.warn('Moved to ase.build')
/projects/academic/ericwalk/software/ase/ase/lattice/surface.py:17: UserWarning: Moved to ase.build
  warnings.warn('Moved to ase.build')
/projects/academic/ericwalk/software/ase/ase/lattice/surface.py:17: UserWarning: Moved to ase.build
  warnings.warn('Moved to ase.build')
/projects/academic/ericwalk/software/ase/ase/lattice/surface.py:17: UserWarning: Moved to ase.build
  warnings.warn('Moved to ase.build')
/projects/academic/ericwalk/software/ase/ase/lattice/surface.py:17: UserWarning: Moved to ase.build
  warnings.warn('Moved to ase.build')
/projects/academic/ericwalk/software/ase/ase/lattice/surface.py:17: UserWarning: Moved to ase.build
  warnings.warn('Moved to ase.build')
/projects/academic/ericwalk/software/ase/ase/lattice/surface.py:17: UserWarning: Moved to ase.build
  warnings.warn('Moved to ase.build')
/projects/academic/ericwalk/software/ase/ase/lattice/surface.py:17: UserWarning: Moved to ase.build
  warnings.warn('Moved to ase.build')
/projects/academic/ericwalk/software/ase/ase/lattice/surface.py:17: UserWarning: Moved to ase.build
  warnings.warn('Moved to ase.build')
/projects/academic/ericwalk/software/ase/ase/lattice/surface.py:17: UserWarning: Moved to ase.build
  warnings.warn('Moved to ase.build')
/projects/academic/ericwalk/software/ase/ase/lattice/surface.py:17: UserWarning: Moved to ase.build
  warnings.warn('Moved to ase.build')
srun: Job 9881795 step creation temporarily disabled, retrying (Requested nodes are busy)
srun: Step created for job 9881795
/projects/academic/ericwalk/software/ase/ase/lattice/surface.py:17: UserWarning: Moved to ase.build
  warnings.warn('Moved to ase.build')
srun: Job 9881795 step creation temporarily disabled, retrying (Requested nodes are busy)
srun: Step created for job 9881795
/projects/academic/ericwalk/software/ase/ase/lattice/surface.py:17: UserWarning: Moved to ase.build
  warnings.warn('Moved to ase.build')
srun: Job 9881795 step creation temporarily disabled, retrying (Requested nodes are busy)
srun: Step created for job 9881795
/projects/academic/ericwalk/software/ase/ase/lattice/surface.py:17: UserWarning: Moved to ase.build
  warnings.warn('Moved to ase.build')
srun: Job 9881795 step creation temporarily disabled, retrying (Requested nodes are busy)
srun: Step created for job 9881795
/projects/academic/ericwalk/software/ase/ase/lattice/surface.py:17: UserWarning: Moved to ase.build
  warnings.warn('Moved to ase.build')
srun: Job 9881795 step creation temporarily disabled, retrying (Requested nodes are busy)
srun: Step created for job 9881795
/projects/academic/ericwalk/software/ase/ase/lattice/surface.py:17: UserWarning: Moved to ase.build
  warnings.warn('Moved to ase.build')
/projects/academic/ericwalk/software/ase/ase/lattice/surface.py:17: UserWarning: Moved to ase.build
  warnings.warn('Moved to ase.build')
/projects/academic/ericwalk/software/ase/ase/lattice/surface.py:17: UserWarning: Moved to ase.build
  warnings.warn('Moved to ase.build')
/projects/academic/ericwalk/software/ase/ase/lattice/surface.py:17: UserWarning: Moved to ase.build
  warnings.warn('Moved to ase.build')
/projects/academic/ericwalk/software/ase/ase/lattice/surface.py:17: UserWarning: Moved to ase.build
  warnings.warn('Moved to ase.build')
/projects/academic/ericwalk/software/ase/ase/lattice/surface.py:17: UserWarning: Moved to ase.build
  warnings.warn('Moved to ase.build')
/projects/academic/ericwalk/software/ase/ase/lattice/surface.py:17: UserWarning: Moved to ase.build
  warnings.warn('Moved to ase.build')
/projects/academic/ericwalk/software/ase/ase/lattice/surface.py:17: UserWarning: Moved to ase.build
  warnings.warn('Moved to ase.build')
srun: Job 9881795 step creation temporarily disabled, retrying (Requested nodes are busy)
srun: Step created for job 9881795
/projects/academic/ericwalk/software/ase/ase/lattice/surface.py:17: UserWarning: Moved to ase.build
  warnings.warn('Moved to ase.build')
srun: Job 9881795 step creation temporarily disabled, retrying (Requested nodes are busy)
srun: Step created for job 9881795
/projects/academic/ericwalk/software/ase/ase/lattice/surface.py:17: UserWarning: Moved to ase.build
  warnings.warn('Moved to ase.build')
srun: Job 9881795 step creation temporarily disabled, retrying (Requested nodes are busy)
srun: Step created for job 9881795
/projects/academic/ericwalk/software/ase/ase/lattice/surface.py:17: UserWarning: Moved to ase.build
  warnings.warn('Moved to ase.build')
srun: Job 9881795 step creation temporarily disabled, retrying (Requested nodes are busy)
srun: Step created for job 9881795
/projects/academic/ericwalk/software/ase/ase/lattice/surface.py:17: UserWarning: Moved to ase.build
  warnings.warn('Moved to ase.build')
srun: Job 9881795 step creation temporarily disabled, retrying (Requested nodes are busy)
srun: Step created for job 9881795
/projects/academic/ericwalk/software/ase/ase/lattice/surface.py:17: UserWarning: Moved to ase.build
  warnings.warn('Moved to ase.build')
/projects/academic/ericwalk/software/ase/ase/lattice/surface.py:17: UserWarning: Moved to ase.build
  warnings.warn('Moved to ase.build')
/projects/academic/ericwalk/software/ase/ase/lattice/surface.py:17: UserWarning: Moved to ase.build
  warnings.warn('Moved to ase.build')
/projects/academic/ericwalk/software/ase/ase/lattice/surface.py:17: UserWarning: Moved to ase.build
  warnings.warn('Moved to ase.build')
/projects/academic/ericwalk/software/ase/ase/lattice/surface.py:17: UserWarning: Moved to ase.build
  warnings.warn('Moved to ase.build')
/projects/academic/ericwalk/software/ase/ase/lattice/surface.py:17: UserWarning: Moved to ase.build
  warnings.warn('Moved to ase.build')
/projects/academic/ericwalk/software/ase/ase/lattice/surface.py:17: UserWarning: Moved to ase.build
  warnings.warn('Moved to ase.build')
/projects/academic/ericwalk/software/ase/ase/lattice/surface.py:17: UserWarning: Moved to ase.build
  warnings.warn('Moved to ase.build')
srun: Job 9881795 step creation temporarily disabled, retrying (Requested nodes are busy)
srun: Step created for job 9881795
/projects/academic/ericwalk/software/ase/ase/lattice/surface.py:17: UserWarning: Moved to ase.build
  warnings.warn('Moved to ase.build')
srun: Job 9881795 step creation temporarily disabled, retrying (Requested nodes are busy)
srun: Step created for job 9881795
/projects/academic/ericwalk/software/ase/ase/lattice/surface.py:17: UserWarning: Moved to ase.build
  warnings.warn('Moved to ase.build')
srun: Job 9881795 step creation temporarily disabled, retrying (Requested nodes are busy)
srun: Step created for job 9881795
/projects/academic/ericwalk/software/ase/ase/lattice/surface.py:17: UserWarning: Moved to ase.build
  warnings.warn('Moved to ase.build')
srun: Job 9881795 step creation temporarily disabled, retrying (Requested nodes are busy)
srun: Step created for job 9881795
/projects/academic/ericwalk/software/ase/ase/lattice/surface.py:17: UserWarning: Moved to ase.build
  warnings.warn('Moved to ase.build')
srun: Job 9881795 step creation temporarily disabled, retrying (Requested nodes are busy)
srun: Step created for job 9881795
/projects/academic/ericwalk/software/ase/ase/lattice/surface.py:17: UserWarning: Moved to ase.build
  warnings.warn('Moved to ase.build')
/projects/academic/ericwalk/software/ase/ase/lattice/surface.py:17: UserWarning: Moved to ase.build
  warnings.warn('Moved to ase.build')
/projects/academic/ericwalk/software/ase/ase/lattice/surface.py:17: UserWarning: Moved to ase.build
  warnings.warn('Moved to ase.build')
/projects/academic/ericwalk/software/ase/ase/lattice/surface.py:17: UserWarning: Moved to ase.build
  warnings.warn('Moved to ase.build')
/projects/academic/ericwalk/software/ase/ase/lattice/surface.py:17: UserWarning: Moved to ase.build
  warnings.warn('Moved to ase.build')
/projects/academic/ericwalk/software/ase/ase/lattice/surface.py:17: UserWarning: Moved to ase.build
  warnings.warn('Moved to ase.build')
/projects/academic/ericwalk/software/ase/ase/lattice/surface.py:17: UserWarning: Moved to ase.build
  warnings.warn('Moved to ase.build')
/projects/academic/ericwalk/software/ase/ase/lattice/surface.py:17: UserWarning: Moved to ase.build
  warnings.warn('Moved to ase.build')
srun: Job 9881795 step creation temporarily disabled, retrying (Requested nodes are busy)
srun: Step created for job 9881795
/projects/academic/ericwalk/software/ase/ase/lattice/surface.py:17: UserWarning: Moved to ase.build
  warnings.warn('Moved to ase.build')
srun: Job 9881795 step creation temporarily disabled, retrying (Requested nodes are busy)
srun: Step created for job 9881795
/projects/academic/ericwalk/software/ase/ase/lattice/surface.py:17: UserWarning: Moved to ase.build
  warnings.warn('Moved to ase.build')
srun: Job 9881795 step creation temporarily disabled, retrying (Requested nodes are busy)
srun: Step created for job 9881795
/projects/academic/ericwalk/software/ase/ase/lattice/surface.py:17: UserWarning: Moved to ase.build
  warnings.warn('Moved to ase.build')
srun: Job 9881795 step creation temporarily disabled, retrying (Requested nodes are busy)
srun: Step created for job 9881795
/projects/academic/ericwalk/software/ase/ase/lattice/surface.py:17: UserWarning: Moved to ase.build
  warnings.warn('Moved to ase.build')
srun: Job 9881795 step creation temporarily disabled, retrying (Requested nodes are busy)
srun: Step created for job 9881795
/projects/academic/ericwalk/software/ase/ase/lattice/surface.py:17: UserWarning: Moved to ase.build
  warnings.warn('Moved to ase.build')
srun: Job 9881795 step creation temporarily disabled, retrying (Requested nodes are busy)
srun: Step created for job 9881795
/projects/academic/ericwalk/software/ase/ase/lattice/surface.py:17: UserWarning: Moved to ase.build
  warnings.warn('Moved to ase.build')
/projects/academic/ericwalk/software/ase/ase/lattice/surface.py:17: UserWarning: Moved to ase.build
  warnings.warn('Moved to ase.build')
/projects/academic/ericwalk/software/ase/ase/lattice/surface.py:17: UserWarning: Moved to ase.build
  warnings.warn('Moved to ase.build')
/projects/academic/ericwalk/software/ase/ase/lattice/surface.py:17: UserWarning: Moved to ase.build
  warnings.warn('Moved to ase.build')
/projects/academic/ericwalk/software/ase/ase/lattice/surface.py:17: UserWarning: Moved to ase.build
  warnings.warn('Moved to ase.build')
/projects/academic/ericwalk/software/ase/ase/lattice/surface.py:17: UserWarning: Moved to ase.build
  warnings.warn('Moved to ase.build')
/projects/academic/ericwalk/software/ase/ase/lattice/surface.py:17: UserWarning: Moved to ase.build
  warnings.warn('Moved to ase.build')
srun: Job 9881795 step creation temporarily disabled, retrying (Requested nodes are busy)
srun: Step created for job 9881795
/projects/academic/ericwalk/software/ase/ase/lattice/surface.py:17: UserWarning: Moved to ase.build
  warnings.warn('Moved to ase.build')
srun: Job 9881795 step creation temporarily disabled, retrying (Requested nodes are busy)
srun: Step created for job 9881795
/projects/academic/ericwalk/software/ase/ase/lattice/surface.py:17: UserWarning: Moved to ase.build
  warnings.warn('Moved to ase.build')
srun: Job 9881795 step creation temporarily disabled, retrying (Requested nodes are busy)
srun: Step created for job 9881795
/projects/academic/ericwalk/software/ase/ase/lattice/surface.py:17: UserWarning: Moved to ase.build
  warnings.warn('Moved to ase.build')
srun: Job 9881795 step creation temporarily disabled, retrying (Requested nodes are busy)
srun: Step created for job 9881795
/projects/academic/ericwalk/software/ase/ase/lattice/surface.py:17: UserWarning: Moved to ase.build
  warnings.warn('Moved to ase.build')
srun: Job 9881795 step creation temporarily disabled, retrying (Requested nodes are busy)
srun: Step created for job 9881795
/projects/academic/ericwalk/software/ase/ase/lattice/surface.py:17: UserWarning: Moved to ase.build
  warnings.warn('Moved to ase.build')
srun: Job 9881795 step creation temporarily disabled, retrying (Requested nodes are busy)
srun: Step created for job 9881795
/projects/academic/ericwalk/software/ase/ase/lattice/surface.py:17: UserWarning: Moved to ase.build
  warnings.warn('Moved to ase.build')
/projects/academic/ericwalk/software/ase/ase/lattice/surface.py:17: UserWarning: Moved to ase.build
  warnings.warn('Moved to ase.build')
/projects/academic/ericwalk/software/ase/ase/lattice/surface.py:17: UserWarning: Moved to ase.build
  warnings.warn('Moved to ase.build')
/projects/academic/ericwalk/software/ase/ase/lattice/surface.py:17: UserWarning: Moved to ase.build
  warnings.warn('Moved to ase.build')
/projects/academic/ericwalk/software/ase/ase/lattice/surface.py:17: UserWarning: Moved to ase.build
  warnings.warn('Moved to ase.build')
/projects/academic/ericwalk/software/ase/ase/lattice/surface.py:17: UserWarning: Moved to ase.build
  warnings.warn('Moved to ase.build')
/projects/academic/ericwalk/software/ase/ase/lattice/surface.py:17: UserWarning: Moved to ase.build
  warnings.warn('Moved to ase.build')
srun: Job 9881795 step creation temporarily disabled, retrying (Requested nodes are busy)
srun: Step created for job 9881795
/projects/academic/ericwalk/software/ase/ase/lattice/surface.py:17: UserWarning: Moved to ase.build
  warnings.warn('Moved to ase.build')
srun: Job 9881795 step creation temporarily disabled, retrying (Requested nodes are busy)
srun: Step created for job 9881795
/projects/academic/ericwalk/software/ase/ase/lattice/surface.py:17: UserWarning: Moved to ase.build
  warnings.warn('Moved to ase.build')
srun: Job 9881795 step creation temporarily disabled, retrying (Requested nodes are busy)
srun: Step created for job 9881795
/projects/academic/ericwalk/software/ase/ase/lattice/surface.py:17: UserWarning: Moved to ase.build
  warnings.warn('Moved to ase.build')
srun: Job 9881795 step creation temporarily disabled, retrying (Requested nodes are busy)
srun: Step created for job 9881795
/projects/academic/ericwalk/software/ase/ase/lattice/surface.py:17: UserWarning: Moved to ase.build
  warnings.warn('Moved to ase.build')
srun: Job 9881795 step creation temporarily disabled, retrying (Requested nodes are busy)
srun: Step created for job 9881795
/projects/academic/ericwalk/software/ase/ase/lattice/surface.py:17: UserWarning: Moved to ase.build
  warnings.warn('Moved to ase.build')
/projects/academic/ericwalk/software/ase/ase/lattice/surface.py:17: UserWarning: Moved to ase.build
  warnings.warn('Moved to ase.build')
/projects/academic/ericwalk/software/ase/ase/lattice/surface.py:17: UserWarning: Moved to ase.build
  warnings.warn('Moved to ase.build')
/projects/academic/ericwalk/software/ase/ase/lattice/surface.py:17: UserWarning: Moved to ase.build
  warnings.warn('Moved to ase.build')
/projects/academic/ericwalk/software/ase/ase/lattice/surface.py:17: UserWarning: Moved to ase.build
  warnings.warn('Moved to ase.build')
/projects/academic/ericwalk/software/ase/ase/lattice/surface.py:17: UserWarning: Moved to ase.build
  warnings.warn('Moved to ase.build')
/projects/academic/ericwalk/software/ase/ase/lattice/surface.py:17: UserWarning: Moved to ase.build
  warnings.warn('Moved to ase.build')
/projects/academic/ericwalk/software/ase/ase/lattice/surface.py:17: UserWarning: Moved to ase.build
  warnings.warn('Moved to ase.build')
srun: Job 9881795 step creation temporarily disabled, retrying (Requested nodes are busy)
srun: Step created for job 9881795
/projects/academic/ericwalk/software/ase/ase/lattice/surface.py:17: UserWarning: Moved to ase.build
  warnings.warn('Moved to ase.build')
srun: Job 9881795 step creation temporarily disabled, retrying (Requested nodes are busy)
srun: Step created for job 9881795
/projects/academic/ericwalk/software/ase/ase/lattice/surface.py:17: UserWarning: Moved to ase.build
  warnings.warn('Moved to ase.build')
srun: Job 9881795 step creation temporarily disabled, retrying (Requested nodes are busy)
srun: Step created for job 9881795
/projects/academic/ericwalk/software/ase/ase/lattice/surface.py:17: UserWarning: Moved to ase.build
  warnings.warn('Moved to ase.build')
srun: Job 9881795 step creation temporarily disabled, retrying (Requested nodes are busy)
srun: Step created for job 9881795
/projects/academic/ericwalk/software/ase/ase/lattice/surface.py:17: UserWarning: Moved to ase.build
  warnings.warn('Moved to ase.build')
srun: Job 9881795 step creation temporarily disabled, retrying (Requested nodes are busy)
srun: Step created for job 9881795
/projects/academic/ericwalk/software/ase/ase/lattice/surface.py:17: UserWarning: Moved to ase.build
  warnings.warn('Moved to ase.build')
srun: Job 9881795 step creation temporarily disabled, retrying (Requested nodes are busy)
srun: Step created for job 9881795
/projects/academic/ericwalk/software/ase/ase/lattice/surface.py:17: UserWarning: Moved to ase.build
  warnings.warn('Moved to ase.build')
/projects/academic/ericwalk/software/ase/ase/lattice/surface.py:17: UserWarning: Moved to ase.build
  warnings.warn('Moved to ase.build')
/projects/academic/ericwalk/software/ase/ase/lattice/surface.py:17: UserWarning: Moved to ase.build
  warnings.warn('Moved to ase.build')
/projects/academic/ericwalk/software/ase/ase/lattice/surface.py:17: UserWarning: Moved to ase.build
  warnings.warn('Moved to ase.build')
/projects/academic/ericwalk/software/ase/ase/lattice/surface.py:17: UserWarning: Moved to ase.build
  warnings.warn('Moved to ase.build')
/projects/academic/ericwalk/software/ase/ase/lattice/surface.py:17: UserWarning: Moved to ase.build
  warnings.warn('Moved to ase.build')
/projects/academic/ericwalk/software/ase/ase/lattice/surface.py:17: UserWarning: Moved to ase.build
  warnings.warn('Moved to ase.build')
srun: Job 9881795 step creation temporarily disabled, retrying (Requested nodes are busy)
srun: Step created for job 9881795
/projects/academic/ericwalk/software/ase/ase/lattice/surface.py:17: UserWarning: Moved to ase.build
  warnings.warn('Moved to ase.build')
srun: Job 9881795 step creation temporarily disabled, retrying (Requested nodes are busy)
srun: Step created for job 9881795
/projects/academic/ericwalk/software/ase/ase/lattice/surface.py:17: UserWarning: Moved to ase.build
  warnings.warn('Moved to ase.build')
srun: Job 9881795 step creation temporarily disabled, retrying (Requested nodes are busy)
srun: Step created for job 9881795
/projects/academic/ericwalk/software/ase/ase/lattice/surface.py:17: UserWarning: Moved to ase.build
  warnings.warn('Moved to ase.build')
srun: Job 9881795 step creation temporarily disabled, retrying (Requested nodes are busy)
srun: Step created for job 9881795
/projects/academic/ericwalk/software/ase/ase/lattice/surface.py:17: UserWarning: Moved to ase.build
  warnings.warn('Moved to ase.build')
srun: Job 9881795 step creation temporarily disabled, retrying (Requested nodes are busy)
srun: Step created for job 9881795
/projects/academic/ericwalk/software/ase/ase/lattice/surface.py:17: UserWarning: Moved to ase.build
  warnings.warn('Moved to ase.build')
/projects/academic/ericwalk/software/ase/ase/lattice/surface.py:17: UserWarning: Moved to ase.build
  warnings.warn('Moved to ase.build')
/projects/academic/ericwalk/software/ase/ase/lattice/surface.py:17: UserWarning: Moved to ase.build
  warnings.warn('Moved to ase.build')
/projects/academic/ericwalk/software/ase/ase/lattice/surface.py:17: UserWarning: Moved to ase.build
  warnings.warn('Moved to ase.build')
/projects/academic/ericwalk/software/ase/ase/lattice/surface.py:17: UserWarning: Moved to ase.build
  warnings.warn('Moved to ase.build')
/projects/academic/ericwalk/software/ase/ase/lattice/surface.py:17: UserWarning: Moved to ase.build
  warnings.warn('Moved to ase.build')
/projects/academic/ericwalk/software/ase/ase/lattice/surface.py:17: UserWarning: Moved to ase.build
  warnings.warn('Moved to ase.build')
/projects/academic/ericwalk/software/ase/ase/lattice/surface.py:17: UserWarning: Moved to ase.build
  warnings.warn('Moved to ase.build')
srun: Job 9881795 step creation temporarily disabled, retrying (Requested nodes are busy)
srun: Step created for job 9881795
/projects/academic/ericwalk/software/ase/ase/lattice/surface.py:17: UserWarning: Moved to ase.build
  warnings.warn('Moved to ase.build')
srun: Job 9881795 step creation temporarily disabled, retrying (Requested nodes are busy)
srun: Step created for job 9881795
/projects/academic/ericwalk/software/ase/ase/lattice/surface.py:17: UserWarning: Moved to ase.build
  warnings.warn('Moved to ase.build')
srun: Job 9881795 step creation temporarily disabled, retrying (Requested nodes are busy)
srun: Step created for job 9881795
/projects/academic/ericwalk/software/ase/ase/lattice/surface.py:17: UserWarning: Moved to ase.build
  warnings.warn('Moved to ase.build')
srun: Job 9881795 step creation temporarily disabled, retrying (Requested nodes are busy)
srun: Step created for job 9881795
/projects/academic/ericwalk/software/ase/ase/lattice/surface.py:17: UserWarning: Moved to ase.build
  warnings.warn('Moved to ase.build')
srun: Job 9881795 step creation temporarily disabled, retrying (Requested nodes are busy)
srun: Step created for job 9881795
/projects/academic/ericwalk/software/ase/ase/lattice/surface.py:17: UserWarning: Moved to ase.build
  warnings.warn('Moved to ase.build')
srun: Job 9881795 step creation temporarily disabled, retrying (Requested nodes are busy)
srun: Step created for job 9881795
/projects/academic/ericwalk/software/ase/ase/lattice/surface.py:17: UserWarning: Moved to ase.build
  warnings.warn('Moved to ase.build')
/projects/academic/ericwalk/software/ase/ase/lattice/surface.py:17: UserWarning: Moved to ase.build
  warnings.warn('Moved to ase.build')
/projects/academic/ericwalk/software/ase/ase/lattice/surface.py:17: UserWarning: Moved to ase.build
  warnings.warn('Moved to ase.build')
/projects/academic/ericwalk/software/ase/ase/lattice/surface.py:17: UserWarning: Moved to ase.build
  warnings.warn('Moved to ase.build')
/projects/academic/ericwalk/software/ase/ase/lattice/surface.py:17: UserWarning: Moved to ase.build
  warnings.warn('Moved to ase.build')
/projects/academic/ericwalk/software/ase/ase/lattice/surface.py:17: UserWarning: Moved to ase.build
  warnings.warn('Moved to ase.build')
/projects/academic/ericwalk/software/ase/ase/lattice/surface.py:17: UserWarning: Moved to ase.build
  warnings.warn('Moved to ase.build')
srun: Job 9881795 step creation temporarily disabled, retrying (Requested nodes are busy)
srun: Step created for job 9881795
/projects/academic/ericwalk/software/ase/ase/lattice/surface.py:17: UserWarning: Moved to ase.build
  warnings.warn('Moved to ase.build')
srun: Job 9881795 step creation temporarily disabled, retrying (Requested nodes are busy)
srun: Step created for job 9881795
/projects/academic/ericwalk/software/ase/ase/lattice/surface.py:17: UserWarning: Moved to ase.build
  warnings.warn('Moved to ase.build')
srun: Job 9881795 step creation temporarily disabled, retrying (Requested nodes are busy)
srun: Step created for job 9881795
/projects/academic/ericwalk/software/ase/ase/lattice/surface.py:17: UserWarning: Moved to ase.build
  warnings.warn('Moved to ase.build')
srun: Job 9881795 step creation temporarily disabled, retrying (Requested nodes are busy)
srun: Step created for job 9881795
/projects/academic/ericwalk/software/ase/ase/lattice/surface.py:17: UserWarning: Moved to ase.build
  warnings.warn('Moved to ase.build')
srun: Job 9881795 step creation temporarily disabled, retrying (Requested nodes are busy)
srun: Step created for job 9881795
/projects/academic/ericwalk/software/ase/ase/lattice/surface.py:17: UserWarning: Moved to ase.build
  warnings.warn('Moved to ase.build')
srun: Job 9881795 step creation temporarily disabled, retrying (Requested nodes are busy)
srun: Step created for job 9881795
/projects/academic/ericwalk/software/ase/ase/lattice/surface.py:17: UserWarning: Moved to ase.build
  warnings.warn('Moved to ase.build')
/projects/academic/ericwalk/software/ase/ase/lattice/surface.py:17: UserWarning: Moved to ase.build
  warnings.warn('Moved to ase.build')
/projects/academic/ericwalk/software/ase/ase/lattice/surface.py:17: UserWarning: Moved to ase.build
  warnings.warn('Moved to ase.build')
/projects/academic/ericwalk/software/ase/ase/lattice/surface.py:17: UserWarning: Moved to ase.build
  warnings.warn('Moved to ase.build')
/projects/academic/ericwalk/software/ase/ase/lattice/surface.py:17: UserWarning: Moved to ase.build
  warnings.warn('Moved to ase.build')
/projects/academic/ericwalk/software/ase/ase/lattice/surface.py:17: UserWarning: Moved to ase.build
  warnings.warn('Moved to ase.build')
/projects/academic/ericwalk/software/ase/ase/lattice/surface.py:17: UserWarning: Moved to ase.build
  warnings.warn('Moved to ase.build')
/projects/academic/ericwalk/software/ase/ase/lattice/surface.py:17: UserWarning: Moved to ase.build
  warnings.warn('Moved to ase.build')
/projects/academic/ericwalk/software/ase/ase/lattice/surface.py:17: UserWarning: Moved to ase.build
  warnings.warn('Moved to ase.build')
/projects/academic/ericwalk/software/ase/ase/lattice/surface.py:17: UserWarning: Moved to ase.build
  warnings.warn('Moved to ase.build')
srun: Job 9881795 step creation temporarily disabled, retrying (Requested nodes are busy)
srun: Step created for job 9881795
/projects/academic/ericwalk/software/ase/ase/lattice/surface.py:17: UserWarning: Moved to ase.build
  warnings.warn('Moved to ase.build')
srun: Job 9881795 step creation temporarily disabled, retrying (Requested nodes are busy)
srun: Step created for job 9881795
/projects/academic/ericwalk/software/ase/ase/lattice/surface.py:17: UserWarning: Moved to ase.build
  warnings.warn('Moved to ase.build')
srun: Job 9881795 step creation temporarily disabled, retrying (Requested nodes are busy)
srun: Step created for job 9881795
/projects/academic/ericwalk/software/ase/ase/lattice/surface.py:17: UserWarning: Moved to ase.build
  warnings.warn('Moved to ase.build')
srun: Job 9881795 step creation temporarily disabled, retrying (Requested nodes are busy)
srun: Step created for job 9881795
/projects/academic/ericwalk/software/ase/ase/lattice/surface.py:17: UserWarning: Moved to ase.build
  warnings.warn('Moved to ase.build')
srun: Job 9881795 step creation temporarily disabled, retrying (Requested nodes are busy)
srun: Step created for job 9881795
/projects/academic/ericwalk/software/ase/ase/lattice/surface.py:17: UserWarning: Moved to ase.build
  warnings.warn('Moved to ase.build')
/projects/academic/ericwalk/software/ase/ase/lattice/surface.py:17: UserWarning: Moved to ase.build
  warnings.warn('Moved to ase.build')
/projects/academic/ericwalk/software/ase/ase/lattice/surface.py:17: UserWarning: Moved to ase.build
  warnings.warn('Moved to ase.build')
/projects/academic/ericwalk/software/ase/ase/lattice/surface.py:17: UserWarning: Moved to ase.build
  warnings.warn('Moved to ase.build')
/projects/academic/ericwalk/software/ase/ase/lattice/surface.py:17: UserWarning: Moved to ase.build
  warnings.warn('Moved to ase.build')
/projects/academic/ericwalk/software/ase/ase/lattice/surface.py:17: UserWarning: Moved to ase.build
  warnings.warn('Moved to ase.build')
/projects/academic/ericwalk/software/ase/ase/lattice/surface.py:17: UserWarning: Moved to ase.build
  warnings.warn('Moved to ase.build')
/projects/academic/ericwalk/software/ase/ase/lattice/surface.py:17: UserWarning: Moved to ase.build
  warnings.warn('Moved to ase.build')
/projects/academic/ericwalk/software/ase/ase/lattice/surface.py:17: UserWarning: Moved to ase.build
  warnings.warn('Moved to ase.build')
/projects/academic/ericwalk/software/ase/ase/lattice/surface.py:17: UserWarning: Moved to ase.build
  warnings.warn('Moved to ase.build')
srun: Job 9881795 step creation temporarily disabled, retrying (Requested nodes are busy)
srun: Step created for job 9881795
/projects/academic/ericwalk/software/ase/ase/lattice/surface.py:17: UserWarning: Moved to ase.build
  warnings.warn('Moved to ase.build')
srun: Job 9881795 step creation temporarily disabled, retrying (Requested nodes are busy)
srun: Step created for job 9881795
/projects/academic/ericwalk/software/ase/ase/lattice/surface.py:17: UserWarning: Moved to ase.build
  warnings.warn('Moved to ase.build')
srun: Job 9881795 step creation temporarily disabled, retrying (Requested nodes are busy)
srun: Step created for job 9881795
/projects/academic/ericwalk/software/ase/ase/lattice/surface.py:17: UserWarning: Moved to ase.build
  warnings.warn('Moved to ase.build')
srun: Job 9881795 step creation temporarily disabled, retrying (Requested nodes are busy)
srun: Step created for job 9881795
/projects/academic/ericwalk/software/ase/ase/lattice/surface.py:17: UserWarning: Moved to ase.build
  warnings.warn('Moved to ase.build')
srun: Job 9881795 step creation temporarily disabled, retrying (Requested nodes are busy)
srun: Step created for job 9881795
/projects/academic/ericwalk/software/ase/ase/lattice/surface.py:17: UserWarning: Moved to ase.build
  warnings.warn('Moved to ase.build')
srun: Job 9881795 step creation temporarily disabled, retrying (Requested nodes are busy)
srun: Step created for job 9881795
/projects/academic/ericwalk/software/ase/ase/lattice/surface.py:17: UserWarning: Moved to ase.build
  warnings.warn('Moved to ase.build')
/projects/academic/ericwalk/software/ase/ase/lattice/surface.py:17: UserWarning: Moved to ase.build
  warnings.warn('Moved to ase.build')
/projects/academic/ericwalk/software/ase/ase/lattice/surface.py:17: UserWarning: Moved to ase.build
  warnings.warn('Moved to ase.build')
/projects/academic/ericwalk/software/ase/ase/lattice/surface.py:17: UserWarning: Moved to ase.build
  warnings.warn('Moved to ase.build')
/projects/academic/ericwalk/software/ase/ase/lattice/surface.py:17: UserWarning: Moved to ase.build
  warnings.warn('Moved to ase.build')
/projects/academic/ericwalk/software/ase/ase/lattice/surface.py:17: UserWarning: Moved to ase.build
  warnings.warn('Moved to ase.build')
/projects/academic/ericwalk/software/ase/ase/lattice/surface.py:17: UserWarning: Moved to ase.build
  warnings.warn('Moved to ase.build')
/projects/academic/ericwalk/software/ase/ase/lattice/surface.py:17: UserWarning: Moved to ase.build
  warnings.warn('Moved to ase.build')
srun: Job 9881795 step creation temporarily disabled, retrying (Requested nodes are busy)
srun: Step created for job 9881795
/projects/academic/ericwalk/software/ase/ase/lattice/surface.py:17: UserWarning: Moved to ase.build
  warnings.warn('Moved to ase.build')
srun: Job 9881795 step creation temporarily disabled, retrying (Requested nodes are busy)
srun: Step created for job 9881795
/projects/academic/ericwalk/software/ase/ase/lattice/surface.py:17: UserWarning: Moved to ase.build
  warnings.warn('Moved to ase.build')
srun: Job 9881795 step creation temporarily disabled, retrying (Requested nodes are busy)
srun: Step created for job 9881795
/projects/academic/ericwalk/software/ase/ase/lattice/surface.py:17: UserWarning: Moved to ase.build
  warnings.warn('Moved to ase.build')
srun: Job 9881795 step creation temporarily disabled, retrying (Requested nodes are busy)
srun: Step created for job 9881795
/projects/academic/ericwalk/software/ase/ase/lattice/surface.py:17: UserWarning: Moved to ase.build
  warnings.warn('Moved to ase.build')
srun: Job 9881795 step creation temporarily disabled, retrying (Requested nodes are busy)
srun: Step created for job 9881795
/projects/academic/ericwalk/software/ase/ase/lattice/surface.py:17: UserWarning: Moved to ase.build
  warnings.warn('Moved to ase.build')
/projects/academic/ericwalk/software/ase/ase/lattice/surface.py:17: UserWarning: Moved to ase.build
  warnings.warn('Moved to ase.build')
/projects/academic/ericwalk/software/ase/ase/lattice/surface.py:17: UserWarning: Moved to ase.build
  warnings.warn('Moved to ase.build')
/projects/academic/ericwalk/software/ase/ase/lattice/surface.py:17: UserWarning: Moved to ase.build
  warnings.warn('Moved to ase.build')
/projects/academic/ericwalk/software/ase/ase/lattice/surface.py:17: UserWarning: Moved to ase.build
  warnings.warn('Moved to ase.build')
/projects/academic/ericwalk/software/ase/ase/lattice/surface.py:17: UserWarning: Moved to ase.build
  warnings.warn('Moved to ase.build')
/projects/academic/ericwalk/software/ase/ase/lattice/surface.py:17: UserWarning: Moved to ase.build
  warnings.warn('Moved to ase.build')
/projects/academic/ericwalk/software/ase/ase/lattice/surface.py:17: UserWarning: Moved to ase.build
  warnings.warn('Moved to ase.build')
/projects/academic/ericwalk/software/ase/ase/lattice/surface.py:17: UserWarning: Moved to ase.build
  warnings.warn('Moved to ase.build')
/projects/academic/ericwalk/software/ase/ase/lattice/surface.py:17: UserWarning: Moved to ase.build
  warnings.warn('Moved to ase.build')
/projects/academic/ericwalk/software/ase/ase/lattice/surface.py:17: UserWarning: Moved to ase.build
  warnings.warn('Moved to ase.build')
srun: Job 9881795 step creation temporarily disabled, retrying (Requested nodes are busy)
srun: Step created for job 9881795
/projects/academic/ericwalk/software/ase/ase/lattice/surface.py:17: UserWarning: Moved to ase.build
  warnings.warn('Moved to ase.build')
srun: Job 9881795 step creation temporarily disabled, retrying (Requested nodes are busy)
srun: Step created for job 9881795
/projects/academic/ericwalk/software/ase/ase/lattice/surface.py:17: UserWarning: Moved to ase.build
  warnings.warn('Moved to ase.build')
srun: Job 9881795 step creation temporarily disabled, retrying (Requested nodes are busy)
srun: Step created for job 9881795
/projects/academic/ericwalk/software/ase/ase/lattice/surface.py:17: UserWarning: Moved to ase.build
  warnings.warn('Moved to ase.build')
srun: Job 9881795 step creation temporarily disabled, retrying (Requested nodes are busy)
srun: Step created for job 9881795
/projects/academic/ericwalk/software/ase/ase/lattice/surface.py:17: UserWarning: Moved to ase.build
  warnings.warn('Moved to ase.build')
srun: Job 9881795 step creation temporarily disabled, retrying (Requested nodes are busy)
srun: Step created for job 9881795
/projects/academic/ericwalk/software/ase/ase/lattice/surface.py:17: UserWarning: Moved to ase.build
  warnings.warn('Moved to ase.build')
/projects/academic/ericwalk/software/ase/ase/lattice/surface.py:17: UserWarning: Moved to ase.build
  warnings.warn('Moved to ase.build')
/projects/academic/ericwalk/software/ase/ase/lattice/surface.py:17: UserWarning: Moved to ase.build
  warnings.warn('Moved to ase.build')
/projects/academic/ericwalk/software/ase/ase/lattice/surface.py:17: UserWarning: Moved to ase.build
  warnings.warn('Moved to ase.build')
/projects/academic/ericwalk/software/ase/ase/lattice/surface.py:17: UserWarning: Moved to ase.build
  warnings.warn('Moved to ase.build')
/projects/academic/ericwalk/software/ase/ase/lattice/surface.py:17: UserWarning: Moved to ase.build
  warnings.warn('Moved to ase.build')
/projects/academic/ericwalk/software/ase/ase/lattice/surface.py:17: UserWarning: Moved to ase.build
  warnings.warn('Moved to ase.build')
/projects/academic/ericwalk/software/ase/ase/lattice/surface.py:17: UserWarning: Moved to ase.build
  warnings.warn('Moved to ase.build')
/projects/academic/ericwalk/software/ase/ase/lattice/surface.py:17: UserWarning: Moved to ase.build
  warnings.warn('Moved to ase.build')
srun: Job 9881795 step creation temporarily disabled, retrying (Requested nodes are busy)
srun: Step created for job 9881795
/projects/academic/ericwalk/software/ase/ase/lattice/surface.py:17: UserWarning: Moved to ase.build
  warnings.warn('Moved to ase.build')
srun: Job 9881795 step creation temporarily disabled, retrying (Requested nodes are busy)
srun: Step created for job 9881795
/projects/academic/ericwalk/software/ase/ase/lattice/surface.py:17: UserWarning: Moved to ase.build
  warnings.warn('Moved to ase.build')
srun: Job 9881795 step creation temporarily disabled, retrying (Requested nodes are busy)
srun: Step created for job 9881795
/projects/academic/ericwalk/software/ase/ase/lattice/surface.py:17: UserWarning: Moved to ase.build
  warnings.warn('Moved to ase.build')
srun: Job 9881795 step creation temporarily disabled, retrying (Requested nodes are busy)
srun: Step created for job 9881795
/projects/academic/ericwalk/software/ase/ase/lattice/surface.py:17: UserWarning: Moved to ase.build
  warnings.warn('Moved to ase.build')
srun: Job 9881795 step creation temporarily disabled, retrying (Requested nodes are busy)
srun: Step created for job 9881795
/projects/academic/ericwalk/software/ase/ase/lattice/surface.py:17: UserWarning: Moved to ase.build
  warnings.warn('Moved to ase.build')
/projects/academic/ericwalk/software/ase/ase/lattice/surface.py:17: UserWarning: Moved to ase.build
  warnings.warn('Moved to ase.build')
/projects/academic/ericwalk/software/ase/ase/lattice/surface.py:17: UserWarning: Moved to ase.build
  warnings.warn('Moved to ase.build')
/projects/academic/ericwalk/software/ase/ase/lattice/surface.py:17: UserWarning: Moved to ase.build
  warnings.warn('Moved to ase.build')
/projects/academic/ericwalk/software/ase/ase/lattice/surface.py:17: UserWarning: Moved to ase.build
  warnings.warn('Moved to ase.build')
/projects/academic/ericwalk/software/ase/ase/lattice/surface.py:17: UserWarning: Moved to ase.build
  warnings.warn('Moved to ase.build')
/projects/academic/ericwalk/software/ase/ase/lattice/surface.py:17: UserWarning: Moved to ase.build
  warnings.warn('Moved to ase.build')
/projects/academic/ericwalk/software/ase/ase/lattice/surface.py:17: UserWarning: Moved to ase.build
  warnings.warn('Moved to ase.build')
/projects/academic/ericwalk/software/ase/ase/lattice/surface.py:17: UserWarning: Moved to ase.build
  warnings.warn('Moved to ase.build')
/projects/academic/ericwalk/software/ase/ase/lattice/surface.py:17: UserWarning: Moved to ase.build
  warnings.warn('Moved to ase.build')
/projects/academic/ericwalk/software/ase/ase/lattice/surface.py:17: UserWarning: Moved to ase.build
  warnings.warn('Moved to ase.build')
/projects/academic/ericwalk/software/ase/ase/lattice/surface.py:17: UserWarning: Moved to ase.build
  warnings.warn('Moved to ase.build')
/projects/academic/ericwalk/software/ase/ase/lattice/surface.py:17: UserWarning: Moved to ase.build
  warnings.warn('Moved to ase.build')
/projects/academic/ericwalk/software/ase/ase/lattice/surface.py:17: UserWarning: Moved to ase.build
  warnings.warn('Moved to ase.build')
/projects/academic/ericwalk/software/ase/ase/lattice/surface.py:17: UserWarning: Moved to ase.build
  warnings.warn('Moved to ase.build')
/projects/academic/ericwalk/software/ase/ase/lattice/surface.py:17: UserWarning: Moved to ase.build
  warnings.warn('Moved to ase.build')
/projects/academic/ericwalk/software/ase/ase/lattice/surface.py:17: UserWarning: Moved to ase.build
  warnings.warn('Moved to ase.build')
/projects/academic/ericwalk/software/ase/ase/lattice/surface.py:17: UserWarning: Moved to ase.build
  warnings.warn('Moved to ase.build')
/projects/academic/ericwalk/software/ase/ase/lattice/surface.py:17: UserWarning: Moved to ase.build
  warnings.warn('Moved to ase.build')
/projects/academic/ericwalk/software/ase/ase/lattice/surface.py:17: UserWarning: Moved to ase.build
  warnings.warn('Moved to ase.build')
/projects/academic/ericwalk/software/ase/ase/lattice/surface.py:17: UserWarning: Moved to ase.build
  warnings.warn('Moved to ase.build')
/projects/academic/ericwalk/software/ase/ase/lattice/surface.py:17: UserWarning: Moved to ase.build
  warnings.warn('Moved to ase.build')
/projects/academic/ericwalk/software/ase/ase/lattice/surface.py:17: UserWarning: Moved to ase.build
  warnings.warn('Moved to ase.build')
/projects/academic/ericwalk/software/ase/ase/lattice/surface.py:17: UserWarning: Moved to ase.build
  warnings.warn('Moved to ase.build')
/projects/academic/ericwalk/software/ase/ase/lattice/surface.py:17: UserWarning: Moved to ase.build
  warnings.warn('Moved to ase.build')
/projects/academic/ericwalk/software/ase/ase/lattice/surface.py:17: UserWarning: Moved to ase.build
  warnings.warn('Moved to ase.build')
